2025-02-12 04:03:38,249 - Using device: cpu
2025-02-12 10:07:59,576 - SVM Classification Report:
2025-02-12 10:07:59,635 -               precision    recall  f1-score   support

           0       0.53      0.52      0.53      1000
           1       0.54      0.54      0.54      1000
           2       0.33      0.32      0.33      1000
           3       0.32      0.32      0.32      1000
           4       0.40      0.37      0.38      1000
           5       0.41      0.34      0.37      1000
           6       0.46      0.58      0.51      1000
           7       0.54      0.45      0.49      1000
           8       0.55      0.62      0.58      1000
           9       0.49      0.53      0.51      1000

    accuracy                           0.46     10000
   macro avg       0.46      0.46      0.46     10000
weighted avg       0.46      0.46      0.46     10000

2025-02-12 10:18:12,892 - Random Forest Classification Report:
2025-02-12 10:18:12,956 -               precision    recall  f1-score   support

           0       0.47      0.51      0.49      1000
           1       0.44      0.46      0.45      1000
           2       0.31      0.26      0.28      1000
           3       0.29      0.23      0.26      1000
           4       0.35      0.37      0.36      1000
           5       0.35      0.34      0.35      1000
           6       0.40      0.48      0.44      1000
           7       0.43      0.36      0.39      1000
           8       0.51      0.54      0.53      1000
           9       0.41      0.48      0.44      1000

    accuracy                           0.40     10000
   macro avg       0.40      0.40      0.40     10000
weighted avg       0.40      0.40      0.40     10000

2025-02-13 05:15:46,796 - Using device: cuda
2025-02-13 05:24:05,548 - Random Forest Classification Report:
2025-02-13 05:24:05,597 -               precision    recall  f1-score   support

           0       0.50      0.53      0.52      1000
           1       0.45      0.47      0.46      1000
           2       0.30      0.25      0.27      1000
           3       0.26      0.20      0.22      1000
           4       0.33      0.34      0.34      1000
           5       0.35      0.36      0.36      1000
           6       0.41      0.48      0.44      1000
           7       0.42      0.36      0.39      1000
           8       0.53      0.56      0.54      1000
           9       0.41      0.49      0.45      1000

    accuracy                           0.40     10000
   macro avg       0.40      0.40      0.40     10000
weighted avg       0.40      0.40      0.40     10000

2025-02-13 06:13:57,043 - Using device: cuda
2025-02-13 06:19:21,907 - Using device: cuda
2025-02-13 06:27:28,347 - Random Forest Classification Report:
2025-02-13 06:27:28,375 -               precision    recall  f1-score   support

           0       0.49      0.52      0.50      1000
           1       0.44      0.46      0.45      1000
           2       0.32      0.26      0.28      1000
           3       0.28      0.23      0.26      1000
           4       0.34      0.34      0.34      1000
           5       0.37      0.37      0.37      1000
           6       0.40      0.49      0.44      1000
           7       0.42      0.36      0.39      1000
           8       0.51      0.55      0.53      1000
           9       0.43      0.50      0.46      1000

    accuracy                           0.41     10000
   macro avg       0.40      0.41      0.40     10000
weighted avg       0.40      0.41      0.40     10000

2025-02-13 07:00:20,346 - Using device: cuda
2025-02-13 07:11:50,221 - Random Forest Classification Report:
2025-02-13 07:11:50,270 -               precision    recall  f1-score   support

           0       0.48      0.51      0.50      1000
           1       0.45      0.47      0.46      1000
           2       0.30      0.24      0.27      1000
           3       0.27      0.22      0.24      1000
           4       0.36      0.38      0.37      1000
           5       0.36      0.35      0.35      1000
           6       0.41      0.48      0.44      1000
           7       0.43      0.37      0.39      1000
           8       0.50      0.55      0.52      1000
           9       0.41      0.46      0.43      1000

    accuracy                           0.40     10000
   macro avg       0.40      0.40      0.40     10000
weighted avg       0.40      0.40      0.40     10000

2025-02-13 09:02:50,139 - SVM Classification Report:
2025-02-13 09:02:50,160 -               precision    recall  f1-score   support

           0       0.53      0.50      0.51      1000
           1       0.55      0.55      0.55      1000
           2       0.35      0.34      0.34      1000
           3       0.32      0.30      0.31      1000
           4       0.39      0.39      0.39      1000
           5       0.43      0.37      0.40      1000
           6       0.47      0.57      0.52      1000
           7       0.51      0.45      0.48      1000
           8       0.54      0.61      0.57      1000
           9       0.47      0.52      0.49      1000

    accuracy                           0.46     10000
   macro avg       0.46      0.46      0.46     10000
weighted avg       0.46      0.46      0.46     10000

2025-02-13 13:09:32,935 - Using device: cuda
2025-02-13 13:13:33,033 - Using device: cuda
2025-02-13 13:19:50,567 - Random Forest Classification Report:
2025-02-13 13:19:50,583 -               precision    recall  f1-score   support

           0       0.48      0.52      0.50      1000
           1       0.44      0.45      0.44      1000
           2       0.31      0.26      0.28      1000
           3       0.29      0.23      0.25      1000
           4       0.33      0.34      0.33      1000
           5       0.37      0.37      0.37      1000
           6       0.40      0.48      0.44      1000
           7       0.43      0.36      0.39      1000
           8       0.51      0.54      0.52      1000
           9       0.42      0.48      0.45      1000

    accuracy                           0.40     10000
   macro avg       0.40      0.40      0.40     10000
weighted avg       0.40      0.40      0.40     10000

